Mono path[0] = 'C:/Users/malot/OneDrive/Documents/GitHub/IT4080.FinalProject/TheBuild_Data/Managed'
Mono config path = 'C:/Users/malot/OneDrive/Documents/GitHub/IT4080.FinalProject/MonoBleedingEdge/etc'
Found 1 interfaces on host : 0) 192.168.0.220
Multi-casting "[IP] 192.168.0.220 [Port] 55001 [Flags] 2 [Guid] 3005465396 [EditorId] 803167095 [Version] 1048832 [Id] WindowsPlayer(2,Parzi7al) [Debug] 0 [PackageName] WindowsPlayer [ProjectName] IT4080.FinalProject.malottcc" to [225.0.0.222:54997]...
Initialize engine version: 2021.3.16f1 (4016570cf34f)
[Subsystems] Discovering subsystems at path C:/Users/malot/OneDrive/Documents/GitHub/IT4080.FinalProject/TheBuild_Data/UnitySubsystems
GfxDevice: creating device client; threaded=1; jobified=1
Direct3D:
    Version:  Direct3D 11.0 [level 11.1]
    Renderer: NVIDIA GeForce RTX 3070 (ID=0x2484)
    Vendor:   NVIDIA
    VRAM:     3072 MB
    Driver:   31.0.15.2698
Begin MonoManager ReloadAssembly
- Completed reload, in  0.128 seconds
<RI> Initializing input.
<RI> Input initialized.
<RI> Initialized touch support.
UnloadTime: 0.782300 ms
started client
UnityEngine.StackTraceUtility:ExtractStackTrace ()
UnityEngine.DebugLogHandler:LogFormat (UnityEngine.LogType,UnityEngine.Object,string,object[])
UnityEngine.Logger:Log (UnityEngine.LogType,object)
UnityEngine.Debug:Log (object)
Main:StartClient (System.Net.IPAddress,uint16) (at C:/Users/malot/OneDrive/Documents/GitHub/IT4080.FinalProject/Assets/Scripts/Main.cs:59)
Main:NetSettingsOnClientStart (System.Net.IPAddress,uint16) (at C:/Users/malot/OneDrive/Documents/GitHub/IT4080.FinalProject/Assets/Scripts/Main.cs:130)
It4080.NetworkSettings:BtnClientOnClick () (at C:/Users/malot/OneDrive/Documents/GitHub/IT4080.FinalProject/Assets/Scripts/NetworkSettings.cs:99)
UnityEngine.Events.InvokableCall:Invoke ()
UnityEngine.Events.UnityEvent:Invoke ()
UnityEngine.UI.Button:Press () (at C:/Users/malot/OneDrive/Documents/GitHub/IT4080.FinalProject/Library/PackageCache/com.unity.ugui@1.0.0/Runtime/UI/Core/Button.cs:70)
UnityEngine.UI.Button:OnPointerClick (UnityEngine.EventSystems.PointerEventData) (at C:/Users/malot/OneDrive/Documents/GitHub/IT4080.FinalProject/Library/PackageCache/com.unity.ugui@1.0.0/Runtime/UI/Core/Button.cs:114)
UnityEngine.EventSystems.ExecuteEvents:Execute (UnityEngine.EventSystems.IPointerClickHandler,UnityEngine.EventSystems.BaseEventData) (at C:/Users/malot/OneDrive/Documents/GitHub/IT4080.FinalProject/Library/PackageCache/com.unity.ugui@1.0.0/Runtime/EventSystem/ExecuteEvents.cs:57)
UnityEngine.EventSystems.ExecuteEvents:Execute<UnityEngine.EventSystems.IPointerClickHandler> (UnityEngine.GameObject,UnityEngine.EventSystems.BaseEventData,UnityEngine.EventSystems.ExecuteEvents/EventFunction`1<UnityEngine.EventSystems.IPointerClickHandler>) (at C:/Users/malot/OneDrive/Documents/GitHub/IT4080.FinalProject/Library/PackageCache/com.unity.ugui@1.0.0/Runtime/EventSystem/ExecuteEvents.cs:272)
UnityEngine.EventSystems.StandaloneInputModule:ReleaseMouse (UnityEngine.EventSystems.PointerEventData,UnityEngine.GameObject) (at C:/Users/malot/OneDrive/Documents/GitHub/IT4080.FinalProject/Library/PackageCache/com.unity.ugui@1.0.0/Runtime/EventSystem/InputModules/StandaloneInputModule.cs:190)
UnityEngine.EventSystems.StandaloneInputModule:ProcessMousePress (UnityEngine.EventSystems.PointerInputModule/MouseButtonEventData) (at C:/Users/malot/OneDrive/Documents/GitHub/IT4080.FinalProject/Library/PackageCache/com.unity.ugui@1.0.0/Runtime/EventSystem/InputModules/StandaloneInputModule.cs:640)
UnityEngine.EventSystems.StandaloneInputModule:ProcessMouseEvent (int) (at C:/Users/malot/OneDrive/Documents/GitHub/IT4080.FinalProject/Library/PackageCache/com.unity.ugui@1.0.0/Runtime/EventSystem/InputModules/StandaloneInputModule.cs:546)
UnityEngine.EventSystems.StandaloneInputModule:ProcessMouseEvent () (at C:/Users/malot/OneDrive/Documents/GitHub/IT4080.FinalProject/Library/PackageCache/com.unity.ugui@1.0.0/Runtime/EventSystem/InputModules/StandaloneInputModule.cs:526)
UnityEngine.EventSystems.StandaloneInputModule:Process () (at C:/Users/malot/OneDrive/Documents/GitHub/IT4080.FinalProject/Library/PackageCache/com.unity.ugui@1.0.0/Runtime/EventSystem/InputModules/StandaloneInputModule.cs:280)
UnityEngine.EventSystems.EventSystem:Update () (at C:/Users/malot/OneDrive/Documents/GitHub/IT4080.FinalProject/Library/PackageCache/com.unity.ugui@1.0.0/Runtime/EventSystem/EventSystem.cs:501)

(Filename: C:/Users/malot/OneDrive/Documents/GitHub/IT4080.FinalProject/Assets/Scripts/Main.cs Line: 59)

Unloading 6 Unused Serialized files (Serialized files now loaded: 0)
UnloadTime: 8.222400 ms
Unloading 17 unused Assets / (2.0 MB). Loaded Objects now: 3704.
Memory consumption went from 73.0 MB to 71.0 MB.
Total: 1.300800 ms (FindLiveObjects: 0.180700 ms CreateObjectMapping: 0.087200 ms MarkObjects: 0.923000 ms  DeleteObjects: 0.109600 ms)

Setting up 8 worker threads for Enlighten.
PlayerConnection::CleanupMemory Statistics:
[ALLOC_TEMP_TLS] TLS Allocator
  StackAllocators : 
    [ALLOC_TEMP_MAIN]
      Peak usage frame count: [4.0 KB-8.0 KB]: 502 frames, [8.0 KB-16.0 KB]: 1 frames, [16.0 KB-32.0 KB]: 1 frames, [256.0 KB-0.5 MB]: 1 frames, [1.0 MB-2.0 MB]: 1 frames, [2.0 MB-4.0 MB]: 1 frames
      Initial Block Size 4.0 MB
      Current Block Size 4.0 MB
      Peak Allocated Bytes 2.0 MB
      Overflow Count 0
    [ALLOC_TEMP_Background Job.Worker 2]
      Initial Block Size 32.0 KB
      Current Block Size 32.0 KB
      Peak Allocated Bytes 110 B
      Overflow Count 0
    [ALLOC_TEMP_Background Job.Worker 7]
      Initial Block Size 32.0 KB
      Current Block Size 32.0 KB
      Peak Allocated Bytes 110 B
      Overflow Count 0
    [ALLOC_TEMP_Loading.PreloadManager]
      Initial Block Size 256.0 KB
      Current Block Size 256.0 KB
      Peak Allocated Bytes 119.9 KB
      Overflow Count 8
    [ALLOC_TEMP_UnityGfxDeviceWorker]
      Initial Block Size 256.0 KB
      Current Block Size 256.0 KB
      Peak Allocated Bytes 14.3 KB
      Overflow Count 0
    [ALLOC_TEMP_AssetGarbageCollectorHelper] x 15
      Initial Block Size 64.0 KB
      Current Block Size 64.0 KB
      Peak Allocated Bytes 0 B
      Overflow Count 0
    [ALLOC_TEMP_AUDIO_FMOD stream thread]
      Initial Block Size 64.0 KB
      Current Block Size 64.0 KB
      Peak Allocated Bytes 42 B
      Overflow Count 0
    [ALLOC_TEMP_Background Job.Worker 5]
      Initial Block Size 32.0 KB
      Current Block Size 32.0 KB
      Peak Allocated Bytes 110 B
      Overflow Count 0
    [ALLOC_TEMP_Background Job.Worker 8]
      Initial Block Size 32.0 KB
      Current Block Size 32.0 KB
      Peak Allocated Bytes 110 B
      Overflow Count 0
    [ALLOC_TEMP_Job.Worker 6]
      Initial Block Size 256.0 KB
      Current Block Size 256.0 KB
      Peak Allocated Bytes 25.2 KB
      Overflow Count 0
    [ALLOC_TEMP_Job.Worker 9]
      Initial Block Size 256.0 KB
      Current Block Size 256.0 KB
      Peak Allocated Bytes 25.2 KB
      Overflow Count 0
    [ALLOC_TEMP_Job.Worker 0]
      Initial Block Size 256.0 KB
      Current Block Size 256.0 KB
      Peak Allocated Bytes 25.2 KB
      Overflow Count 0
    [ALLOC_TEMP_Background Job.Worker 10]
      Initial Block Size 32.0 KB
      Current Block Size 32.0 KB
      Peak Allocated Bytes 111 B
      Overflow Count 0
    [ALLOC_TEMP_Loading.AsyncRead]
      Initial Block Size 64.0 KB
      Current Block Size 64.0 KB
      Peak Allocated Bytes 384 B
      Overflow Count 0
    [ALLOC_TEMP_Background Job.Worker 9]
      Initial Block Size 32.0 KB
      Current Block Size 32.0 KB
      Peak Allocated Bytes 110 B
      Overflow Count 0
    [ALLOC_TEMP_Background Job.Worker 13]
      Initial Block Size 32.0 KB
      Current Block Size 32.0 KB
      Peak Allocated Bytes 111 B
      Overflow Count 0
    [ALLOC_TEMP_Job.Worker 8]
      Initial Block Size 256.0 KB
      Current Block Size 256.0 KB
      Peak Allocated Bytes 25.2 KB
      Overflow Count 0
    [ALLOC_TEMP_Job.Worker 5]
      Initial Block Size 256.0 KB
      Current Block Size 256.0 KB
      Peak Allocated Bytes 25.2 KB
      Overflow Count 0
    [ALLOC_TEMP_Background Job.Worker 14]
      Initial Block Size 32.0 KB
      Current Block Size 32.0 KB
      Peak Allocated Bytes 111 B
      Overflow Count 0
    [ALLOC_TEMP_Background Job.Worker 6]
      Initial Block Size 32.0 KB
      Current Block Size 32.0 KB
      Peak Allocated Bytes 110 B
      Overflow Count 0
    [ALLOC_TEMP_Job.Worker 4]
      Initial Block Size 256.0 KB
      Current Block Size 256.0 KB
      Peak Allocated Bytes 25.2 KB
      Overflow Count 0
    [ALLOC_TEMP_AUDIO_FMOD (WASAPI) feeder thread]
      Initial Block Size 64.0 KB
      Current Block Size 64.0 KB
      Peak Allocated Bytes 144 B
      Overflow Count 0
    [ALLOC_TEMP_Job.Worker 7]
      Initial Block Size 256.0 KB
      Current Block Size 256.0 KB
      Peak Allocated Bytes 25.2 KB
      Overflow Count 0
    [ALLOC_TEMP_Profiler.Dispatcher]
      Initial Block Size 64.0 KB
      Current Block Size 64.0 KB
      Peak Allocated Bytes 0 B
      Overflow Count 0
    [ALLOC_TEMP_Job.Worker 1]
      Initial Block Size 256.0 KB
      Current Block Size 256.0 KB
      Peak Allocated Bytes 25.2 KB
      Overflow Count 0
    [ALLOC_TEMP_Background Job.Worker 11]
      Initial Block Size 32.0 KB
      Current Block Size 32.0 KB
      Peak Allocated Bytes 111 B
      Overflow Count 0
    [ALLOC_TEMP_Job.Worker 2]
      Initial Block Size 256.0 KB
      Current Block Size 256.0 KB
      Peak Allocated Bytes 25.2 KB
      Overflow Count 0
    [ALLOC_TEMP_Job.Worker 14]
      Initial Block Size 256.0 KB
      Current Block Size 256.0 KB
      Peak Allocated Bytes 25.2 KB
      Overflow Count 0
    [ALLOC_TEMP_Background Job.Worker 3]
      Initial Block Size 32.0 KB
      Current Block Size 32.0 KB
      Peak Allocated Bytes 110 B
      Overflow Count 0
    [ALLOC_TEMP_Job.Worker 10]
      Initial Block Size 256.0 KB
      Current Block Size 256.0 KB
      Peak Allocated Bytes 25.2 KB
      Overflow Count 0
    [ALLOC_TEMP_Job.Worker 3]
      Initial Block Size 256.0 KB
      Current Block Size 256.0 KB
      Peak Allocated Bytes 25.2 KB
      Overflow Count 0
    [ALLOC_TEMP_AUDIO_FMOD mixer thread]
      Initial Block Size 64.0 KB
      Current Block Size 64.0 KB
      Peak Allocated Bytes 42 B
      Overflow Count 0
    [ALLOC_TEMP_Job.Worker 13]
      Initial Block Size 256.0 KB
      Current Block Size 256.0 KB
      Peak Allocated Bytes 25.2 KB
      Overflow Count 0
    [ALLOC_TEMP_Background Job.Worker 0]
      Initial Block Size 32.0 KB
      Current Block Size 32.0 KB
      Peak Allocated Bytes 110 B
      Overflow Count 0
    [ALLOC_TEMP_Background Job.Worker 12]
      Initial Block Size 32.0 KB
      Current Block Size 32.0 KB
      Peak Allocated Bytes 111 B
      Overflow Count 0
    [ALLOC_TEMP_EnlightenWorker] x 8
      Initial Block Size 64.0 KB
      Current Block Size 64.0 KB
      Peak Allocated Bytes 42 B
      Overflow Count 0
    [ALLOC_TEMP_Job.Worker 11]
      Initial Block Size 256.0 KB
      Current Block Size 256.0 KB
      Peak Allocated Bytes 25.2 KB
      Overflow Count 0
    [ALLOC_TEMP_Background Job.Worker 15]
      Initial Block Size 32.0 KB
      Current Block Size 32.0 KB
      Peak Allocated Bytes 111 B
      Overflow Count 0
    [ALLOC_TEMP_Job.Worker 12]
      Initial Block Size 256.0 KB
      Current Block Size 256.0 KB
      Peak Allocated Bytes 25.2 KB
      Overflow Count 0
    [ALLOC_TEMP_Background Job.Worker 1]
      Initial Block Size 32.0 KB
      Current Block Size 32.0 KB
      Peak Allocated Bytes 110 B
      Overflow Count 0
    [ALLOC_TEMP_Background Job.Worker 4]
      Initial Block Size 32.0 KB
      Current Block Size 32.0 KB
      Peak Allocated Bytes 110 B
      Overflow Count 0
    [ALLOC_TEMP_BatchDeleteObjects]
      Initial Block Size 64.0 KB
      Current Block Size 64.0 KB
      Peak Allocated Bytes 42 B
      Overflow Count 0
[ALLOC_MEMORYPROFILER]
  Peak usage frame count: [64.0 KB-128.0 KB]: 507 frames
  Requested Block Size 1.0 MB
  Peak Block count 1
  Peak Allocated memory 108.1 KB
  Peak Large allocation bytes 0 B
[ALLOC_DEFAULT] Dual Thread Allocator
  Peak main deferred allocation count 208
    [ALLOC_BUCKET]
      Large Block size 4.0 MB
      Used Block count 1
      Peak Allocated bytes 1.3 MB
    [ALLOC_DEFAULT_MAIN]
      Peak usage frame count: [8.0 MB-16.0 MB]: 136 frames, [16.0 MB-32.0 MB]: 359 frames, [32.0 MB-64.0 MB]: 12 frames
      Requested Block Size 16.0 MB
      Peak Block count 3
      Peak Allocated memory 32.1 MB
      Peak Large allocation bytes 0 B
    [ALLOC_DEFAULT_THREAD]
      Peak usage frame count: [16.0 MB-32.0 MB]: 507 frames
      Requested Block Size 16.0 MB
      Peak Block count 1
      Peak Allocated memory 19.0 MB
      Peak Large allocation bytes 16.0 MB
[ALLOC_TEMP_JOB_1_FRAME]
  Initial Block Size 2.0 MB
  Used Block Count 1
  Overflow Count (too large) 0
  Overflow Count (full) 0
[ALLOC_TEMP_JOB_2_FRAMES]
  Initial Block Size 2.0 MB
  Used Block Count 1
  Overflow Count (too large) 0
  Overflow Count (full) 0
[ALLOC_TEMP_JOB_4_FRAMES (JobTemp)]
  Initial Block Size 2.0 MB
  Used Block Count 3
  Overflow Count (too large) 0
  Overflow Count (full) 0
[ALLOC_TEMP_JOB_ASYNC (Background)]
  Initial Block Size 1.0 MB
  Used Block Count 3
  Overflow Count (too large) 0
  Overflow Count (full) 0
[ALLOC_GFX] Dual Thread Allocator
  Peak main deferred allocation count 2
    [ALLOC_BUCKET]
      Large Block size 4.0 MB
      Used Block count 1
      Peak Allocated bytes 1.3 MB
    [ALLOC_GFX_MAIN]
      Peak usage frame count: [1.0 MB-2.0 MB]: 502 frames, [2.0 MB-4.0 MB]: 5 frames
      Requested Block Size 16.0 MB
      Peak Block count 1
      Peak Allocated memory 2.7 MB
      Peak Large allocation bytes 0 B
    [ALLOC_GFX_THREAD]
      Peak usage frame count: [256.0 KB-0.5 MB]: 194 frames, [1.0 MB-2.0 MB]: 2 frames, [4.0 MB-8.0 MB]: 311 frames
      Requested Block Size 16.0 MB
      Peak Block count 1
      Peak Allocated memory 5.7 MB
      Peak Large allocation bytes 0 B
[ALLOC_CACHEOBJECTS] Dual Thread Allocator
  Peak main deferred allocation count 28
    [ALLOC_BUCKET]
      Large Block size 4.0 MB
      Used Block count 1
      Peak Allocated bytes 1.3 MB
    [ALLOC_CACHEOBJECTS_MAIN]
      Peak usage frame count: [1.0 MB-2.0 MB]: 507 frames
      Requested Block Size 4.0 MB
      Peak Block count 1
      Peak Allocated memory 1.5 MB
      Peak Large allocation bytes 0 B
    [ALLOC_CACHEOBJECTS_THREAD]
      Peak usage frame count: [2.0 MB-4.0 MB]: 502 frames, [4.0 MB-8.0 MB]: 5 frames
      Requested Block Size 4.0 MB
      Peak Block count 2
      Peak Allocated memory 5.0 MB
      Peak Large allocation bytes 0 B
[ALLOC_TYPETREE] Dual Thread Allocator
  Peak main deferred allocation count 0
    [ALLOC_BUCKET]
      Large Block size 4.0 MB
      Used Block count 1
      Peak Allocated bytes 1.3 MB
    [ALLOC_TYPETREE_MAIN]
      Peak usage frame count: [4.0 KB-8.0 KB]: 507 frames
      Requested Block Size 2.0 MB
      Peak Block count 1
      Peak Allocated memory 4.7 KB
      Peak Large allocation bytes 0 B
    [ALLOC_TYPETREE_THREAD]
      Peak usage frame count: [4.0 KB-8.0 KB]: 507 frames
      Requested Block Size 2.0 MB
      Peak Block count 1
      Peak Allocated memory 6.1 KB
      Peak Large allocation bytes 0 B
[ALLOC_PROFILER]
  Peak usage frame count: [16.0 KB-32.0 KB]: 507 frames
  Requested Block Size 16.0 MB
  Peak Block count 1
  Peak Allocated memory 28.8 KB
  Peak Large allocation bytes 0 B
    [ALLOC_PROFILER_BUCKET]
      Large Block size 4.0 MB
      Used Block count 1
      Peak Allocated bytes 418 B
##utp:{"type":"MemoryLeaks","version":2,"phase":"Immediate","time":1682044112568,"processId":33392,"allocatedMemory":9756776,"memoryLabels":[{"Default":5997},{"Permanent":9580},{"NewDelete":8536},{"Thread":4229116},{"Manager":275345},{"VertexData":12},{"Geometry":400},{"Texture":8},{"Shader":46006},{"Material":12},{"GfxDevice":26056},{"Animation":144},{"Audio":2744},{"FontEngine":160},{"Physics":188},{"Serialization":480},{"Input":13944},{"JobScheduler":168},{"Mono":24},{"ScriptingNativeRuntime":160},{"BaseObject":821108},{"Resource":448},{"Renderer":1276},{"Transform":8},{"File":584},{"WebCam":24},{"Culling":24},{"Terrain":609},{"Wind":12},{"STL":36},{"String":2983},{"DynamicArray":15616},{"HashMap":5400},{"Utility":3937},{"PoolAlloc":972},{"TypeTree":1728},{"ScriptManager":48},{"RuntimeInitializeOnLoadManager":56},{"SpriteAtlas":92},{"GI":2940},{"Unet":16},{"Director":4064},{"WebRequest":532},{"VR":24065},{"SceneManager":312},{"Video":20},{"LazyScriptCache":32},{"NativeArray":4196444},{"Camera":13},{"Secure":1},{"SerializationCache":316},{"APIUpdating":4168},{"Subsystems":184},{"VirtualTexturing":49596},{"AssetReference":32}]}
